---------------------------------------------------------------
[ 2018-07-07T18:01:20+08:00 ] 0.0.0.0 GET /fastadmin/public/admin
[ sql ] [ DB ] CONNECT:[ UseTime:0.002000s ] mysql:host=127.0.0.1;dbname=fastadmin;charset=utf8
[ sql ] [ SQL ] SHOW COLUMNS FROM `fa_auth_group_access` [ RunTime:0.023001s ]
[ sql ] [ SQL ] SELECT `aga`.`uid`,`aga`.`group_id`,`ag`.`id`,`ag`.`pid`,`ag`.`name`,`ag`.`rules` FROM `fa_auth_group_access` `aga` LEFT JOIN `fa_auth_group` `ag` ON `aga`.`group_id`=`ag`.`id` WHERE  (  aga.uid='2' and ag.status='normal' ) [ RunTime:0.001000s ]
[ sql ] [ SQL ] SHOW COLUMNS FROM `fa_auth_rule` [ RunTime:0.018001s ]
[ sql ] [ SQL ] SELECT `id`,`pid`,`condition`,`icon`,`name`,`title`,`ismenu` FROM `fa_auth_rule` WHERE  `status` = 'normal'  AND `id` IN (13,14,16,15,17,18,19,20,21,22,23,24,25,26,27,28,29,30,31,32,33,34,40,41,42,43,44,45,46,47,48,49,50,55,56,57,58,59,60,61,62,63,64,65,1,9,10,11,7,6,8,2,4,5) [ RunTime:0.001000s ]
[ sql ] [ SQL ] SELECT * FROM `fa_auth_rule` WHERE  `status` = 'normal'  AND `ismenu` = 1 ORDER BY `weigh` DESC [ RunTime:0.001000s ]
---------------------------------------------------------------
[ 2018-07-07T18:01:21+08:00 ] 0.0.0.0 GET /fastadmin/public/admin/dashboard?addtabs=1
[ sql ] [ DB ] CONNECT:[ UseTime:0.003000s ] mysql:host=127.0.0.1;dbname=fastadmin;charset=utf8
[ sql ] [ SQL ] SHOW COLUMNS FROM `fa_auth_group_access` [ RunTime:0.034002s ]
[ sql ] [ SQL ] SELECT `aga`.`uid`,`aga`.`group_id`,`ag`.`id`,`ag`.`pid`,`ag`.`name`,`ag`.`rules` FROM `fa_auth_group_access` `aga` LEFT JOIN `fa_auth_group` `ag` ON `aga`.`group_id`=`ag`.`id` WHERE  (  aga.uid='2' and ag.status='normal' ) [ RunTime:0.001000s ]
[ sql ] [ SQL ] SHOW COLUMNS FROM `fa_auth_rule` [ RunTime:0.029002s ]
[ sql ] [ SQL ] SELECT `id`,`pid`,`condition`,`icon`,`name`,`title`,`ismenu` FROM `fa_auth_rule` WHERE  `status` = 'normal'  AND `id` IN (13,14,16,15,17,18,19,20,21,22,23,24,25,26,27,28,29,30,31,32,33,34,40,41,42,43,44,45,46,47,48,49,50,55,56,57,58,59,60,61,62,63,64,65,1,9,10,11,7,6,8,2,4,5) [ RunTime:0.002000s ]
[ sql ] [ SQL ] SELECT `title`,`remark` FROM `fa_auth_rule` WHERE  `name` = 'dashboard' LIMIT 1 [ RunTime:0.001000s ]
---------------------------------------------------------------
[ 2018-07-07T18:01:24+08:00 ] 0.0.0.0 GET /fastadmin/public/admin/addon?addtabs=1
[ sql ] [ DB ] CONNECT:[ UseTime:0.002000s ] mysql:host=127.0.0.1;dbname=fastadmin;charset=utf8
[ sql ] [ SQL ] SHOW COLUMNS FROM `fa_auth_group_access` [ RunTime:0.025002s ]
[ sql ] [ SQL ] SELECT `aga`.`uid`,`aga`.`group_id`,`ag`.`id`,`ag`.`pid`,`ag`.`name`,`ag`.`rules` FROM `fa_auth_group_access` `aga` LEFT JOIN `fa_auth_group` `ag` ON `aga`.`group_id`=`ag`.`id` WHERE  (  aga.uid='2' and ag.status='normal' ) [ RunTime:0.001000s ]
[ sql ] [ SQL ] SHOW COLUMNS FROM `fa_auth_rule` [ RunTime:0.028001s ]
[ sql ] [ SQL ] SELECT `id`,`pid`,`condition`,`icon`,`name`,`title`,`ismenu` FROM `fa_auth_rule` WHERE  `status` = 'normal'  AND `id` IN (13,14,16,15,17,18,19,20,21,22,23,24,25,26,27,28,29,30,31,32,33,34,40,41,42,43,44,45,46,47,48,49,50,55,56,57,58,59,60,61,62,63,64,65,1,9,10,11,7,6,8,2,4,5) [ RunTime:0.001000s ]
[ sql ] [ SQL ] SELECT `title`,`remark` FROM `fa_auth_rule` WHERE  `name` = 'addon' LIMIT 1 [ RunTime:0.001000s ]
---------------------------------------------------------------
[ 2018-07-07T18:01:52+08:00 ] 0.0.0.0 POST /fastadmin/public/admin/addon/install
[ sql ] [ DB ] CONNECT:[ UseTime:0.002000s ] mysql:host=127.0.0.1;dbname=fastadmin;charset=utf8
[ sql ] [ SQL ] SHOW COLUMNS FROM `fa_auth_group_access` [ RunTime:0.046003s ]
[ sql ] [ SQL ] SELECT `aga`.`uid`,`aga`.`group_id`,`ag`.`id`,`ag`.`pid`,`ag`.`name`,`ag`.`rules` FROM `fa_auth_group_access` `aga` LEFT JOIN `fa_auth_group` `ag` ON `aga`.`group_id`=`ag`.`id` WHERE  (  aga.uid='2' and ag.status='normal' ) [ RunTime:0.002000s ]
[ sql ] [ SQL ] SHOW COLUMNS FROM `fa_auth_rule` [ RunTime:0.028002s ]
[ sql ] [ SQL ] SELECT `id`,`pid`,`condition`,`icon`,`name`,`title`,`ismenu` FROM `fa_auth_rule` WHERE  `status` = 'normal'  AND `id` IN (13,14,16,15,17,18,19,20,21,22,23,24,25,26,27,28,29,30,31,32,33,34,40,41,42,43,44,45,46,47,48,49,50,55,56,57,58,59,60,61,62,63,64,65,1,9,10,11,7,6,8,2,4,5) [ RunTime:0.001000s ]
[ sql ] [ SQL ] SHOW COLUMNS FROM `fa_admin_log` [ RunTime:0.021001s ]
[ sql ] [ SQL ] INSERT INTO `fa_admin_log` (`title` , `content` , `url` , `admin_id` , `username` , `useragent` , `ip` , `createtime`) VALUES ('插件管理 安装' , '{\"name\":\"cms\",\"force\":\"0\",\"uid\":\"0\",\"token\":\"\",\"version\":\"1.0.14\",\"faversion\":\"1.0.0.20180618_beta\"}' , '/fastadmin/public/admin/addon/install' , 2 , 'admin2' , 'Mozilla/5.0 (Windows NT 6.1) AppleWebKit/537.36 (KHTML, like Gecko) Chrome/66.0.3359.139 Safari/537.36' , '0.0.0.0' , 1530957712) [ RunTime:0.003000s ]
---------------------------------------------------------------
[ 2018-07-07T18:02:32+08:00 ] 0.0.0.0 POST /fastadmin/public/admin/addon/install
[ sql ] [ DB ] CONNECT:[ UseTime:0.009001s ] mysql:host=127.0.0.1;dbname=fastadmin;charset=utf8
[ sql ] [ SQL ] SHOW COLUMNS FROM `fa_auth_group_access` [ RunTime:0.031001s ]
[ sql ] [ SQL ] SELECT `aga`.`uid`,`aga`.`group_id`,`ag`.`id`,`ag`.`pid`,`ag`.`name`,`ag`.`rules` FROM `fa_auth_group_access` `aga` LEFT JOIN `fa_auth_group` `ag` ON `aga`.`group_id`=`ag`.`id` WHERE  (  aga.uid='2' and ag.status='normal' ) [ RunTime:0.001001s ]
[ sql ] [ SQL ] SHOW COLUMNS FROM `fa_auth_rule` [ RunTime:0.024001s ]
[ sql ] [ SQL ] SELECT `id`,`pid`,`condition`,`icon`,`name`,`title`,`ismenu` FROM `fa_auth_rule` WHERE  `status` = 'normal'  AND `id` IN (13,14,16,15,17,18,19,20,21,22,23,24,25,26,27,28,29,30,31,32,33,34,40,41,42,43,44,45,46,47,48,49,50,55,56,57,58,59,60,61,62,63,64,65,1,9,10,11,7,6,8,2,4,5) [ RunTime:0.002000s ]
[ sql ] [ SQL ] INSERT INTO `fa_auth_rule` (`name` , `title` , `ismenu` , `icon` , `pid` , `status` , `createtime` , `updatetime`) VALUES ('cms' , 'CMS管理' , 1 , 'fa fa-list' , 0 , 'normal' , 1530957751 , 1530957751) [ RunTime:0.005000s ]
[ sql ] [ SQL ] INSERT INTO `fa_auth_rule` (`name` , `title` , `icon` , `ismenu` , `pid` , `status` , `createtime` , `updatetime`) VALUES ('cms/archives' , '内容管理' , 'fa fa-file-text-o' , 1 , 85 , 'normal' , 1530957751 , 1530957751) [ RunTime:0.003000s ]
[ sql ] [ SQL ] INSERT INTO `fa_auth_rule` (`name` , `title` , `ismenu` , `icon` , `pid` , `status` , `createtime` , `updatetime`) VALUES ('cms/archives/index' , '查看' , 0 , 'fa fa-circle-o' , 86 , 'normal' , 1530957751 , 1530957751) [ RunTime:0.002000s ]
[ sql ] [ SQL ] INSERT INTO `fa_auth_rule` (`name` , `title` , `ismenu` , `icon` , `pid` , `status` , `createtime` , `updatetime`) VALUES ('cms/archives/content' , '副表' , 0 , 'fa fa-circle-o' , 86 , 'normal' , 1530957751 , 1530957751) [ RunTime:0.002000s ]
[ sql ] [ SQL ] INSERT INTO `fa_auth_rule` (`name` , `title` , `ismenu` , `icon` , `pid` , `status` , `createtime` , `updatetime`) VALUES ('cms/archives/add' , '添加' , 0 , 'fa fa-circle-o' , 86 , 'normal' , 1530957751 , 1530957751) [ RunTime:0.002000s ]
[ sql ] [ SQL ] INSERT INTO `fa_auth_rule` (`name` , `title` , `ismenu` , `icon` , `pid` , `status` , `createtime` , `updatetime`) VALUES ('cms/archives/edit' , '修改' , 0 , 'fa fa-circle-o' , 86 , 'normal' , 1530957751 , 1530957751) [ RunTime:0.002001s ]
[ sql ] [ SQL ] INSERT INTO `fa_auth_rule` (`name` , `title` , `ismenu` , `icon` , `pid` , `status` , `createtime` , `updatetime`) VALUES ('cms/archives/del' , '删除' , 0 , 'fa fa-circle-o' , 86 , 'normal' , 1530957751 , 1530957751) [ RunTime:0.003000s ]
[ sql ] [ SQL ] INSERT INTO `fa_auth_rule` (`name` , `title` , `ismenu` , `icon` , `pid` , `status` , `createtime` , `updatetime`) VALUES ('cms/archives/multi' , '批量更新' , 0 , 'fa fa-circle-o' , 86 , 'normal' , 1530957752 , 1530957752) [ RunTime:0.003000s ]
[ sql ] [ SQL ] INSERT INTO `fa_auth_rule` (`name` , `title` , `icon` , `ismenu` , `pid` , `status` , `createtime` , `updatetime`) VALUES ('cms/channel' , '栏目管理' , 'fa fa-list' , 1 , 85 , 'normal' , 1530957752 , 1530957752) [ RunTime:0.002000s ]
[ sql ] [ SQL ] INSERT INTO `fa_auth_rule` (`name` , `title` , `ismenu` , `icon` , `pid` , `status` , `createtime` , `updatetime`) VALUES ('cms/channel/index' , '查看' , 0 , 'fa fa-circle-o' , 93 , 'normal' , 1530957752 , 1530957752) [ RunTime:0.002000s ]
[ sql ] [ SQL ] INSERT INTO `fa_auth_rule` (`name` , `title` , `ismenu` , `icon` , `pid` , `status` , `createtime` , `updatetime`) VALUES ('cms/channel/add' , '添加' , 0 , 'fa fa-circle-o' , 93 , 'normal' , 1530957752 , 1530957752) [ RunTime:0.002000s ]
[ sql ] [ SQL ] INSERT INTO `fa_auth_rule` (`name` , `title` , `ismenu` , `icon` , `pid` , `status` , `createtime` , `updatetime`) VALUES ('cms/channel/edit' , '修改' , 0 , 'fa fa-circle-o' , 93 , 'normal' , 1530957752 , 1530957752) [ RunTime:0.002001s ]
[ sql ] [ SQL ] INSERT INTO `fa_auth_rule` (`name` , `title` , `ismenu` , `icon` , `pid` , `status` , `createtime` , `updatetime`) VALUES ('cms/channel/del' , '删除' , 0 , 'fa fa-circle-o' , 93 , 'normal' , 1530957752 , 1530957752) [ RunTime:0.002000s ]
[ sql ] [ SQL ] INSERT INTO `fa_auth_rule` (`name` , `title` , `ismenu` , `icon` , `pid` , `status` , `createtime` , `updatetime`) VALUES ('cms/channel/multi' , '批量更新' , 0 , 'fa fa-circle-o' , 93 , 'normal' , 1530957752 , 1530957752) [ RunTime:0.002000s ]
[ sql ] [ SQL ] INSERT INTO `fa_auth_rule` (`name` , `title` , `icon` , `ismenu` , `pid` , `status` , `createtime` , `updatetime`) VALUES ('cms/modelx' , '模型管理' , 'fa fa-th' , 1 , 85 , 'normal' , 1530957752 , 1530957752) [ RunTime:0.003000s ]
[ sql ] [ SQL ] INSERT INTO `fa_auth_rule` (`name` , `title` , `ismenu` , `icon` , `pid` , `status` , `createtime` , `updatetime`) VALUES ('cms/modelx/index' , '查看' , 0 , 'fa fa-circle-o' , 99 , 'normal' , 1530957752 , 1530957752) [ RunTime:0.003000s ]
[ sql ] [ SQL ] INSERT INTO `fa_auth_rule` (`name` , `title` , `ismenu` , `icon` , `pid` , `status` , `createtime` , `updatetime`) VALUES ('cms/modelx/add' , '添加' , 0 , 'fa fa-circle-o' , 99 , 'normal' , 1530957752 , 1530957752) [ RunTime:0.002000s ]
[ sql ] [ SQL ] INSERT INTO `fa_auth_rule` (`name` , `title` , `ismenu` , `icon` , `pid` , `status` , `createtime` , `updatetime`) VALUES ('cms/modelx/edit' , '修改' , 0 , 'fa fa-circle-o' , 99 , 'normal' , 1530957752 , 1530957752) [ RunTime:0.002000s ]
[ sql ] [ SQL ] INSERT INTO `fa_auth_rule` (`name` , `title` , `ismenu` , `icon` , `pid` , `status` , `createtime` , `updatetime`) VALUES ('cms/modelx/del' , '删除' , 0 , 'fa fa-circle-o' , 99 , 'normal' , 1530957752 , 1530957752) [ RunTime:0.002000s ]
[ sql ] [ SQL ] INSERT INTO `fa_auth_rule` (`name` , `title` , `ismenu` , `icon` , `pid` , `status` , `createtime` , `updatetime`) VALUES ('cms/modelx/multi' , '批量更新' , 0 , 'fa fa-circle-o' , 99 , 'normal' , 1530957752 , 1530957752) [ RunTime:0.002000s ]
[ sql ] [ SQL ] INSERT INTO `fa_auth_rule` (`name` , `title` , `icon` , `ismenu` , `pid` , `status` , `createtime` , `updatetime`) VALUES ('cms/fields' , '字段管理' , 'fa fa-fields' , 0 , 99 , 'normal' , 1530957752 , 1530957752) [ RunTime:0.002000s ]
[ sql ] [ SQL ] INSERT INTO `fa_auth_rule` (`name` , `title` , `ismenu` , `icon` , `pid` , `status` , `createtime` , `updatetime`) VALUES ('cms/fields/index' , '查看' , 0 , 'fa fa-circle-o' , 105 , 'normal' , 1530957752 , 1530957752) [ RunTime:0.002000s ]
[ sql ] [ SQL ] INSERT INTO `fa_auth_rule` (`name` , `title` , `ismenu` , `icon` , `pid` , `status` , `createtime` , `updatetime`) VALUES ('cms/fields/add' , '添加' , 0 , 'fa fa-circle-o' , 105 , 'normal' , 1530957752 , 1530957752) [ RunTime:0.002001s ]
[ sql ] [ SQL ] INSERT INTO `fa_auth_rule` (`name` , `title` , `ismenu` , `icon` , `pid` , `status` , `createtime` , `updatetime`) VALUES ('cms/fields/edit' , '修改' , 0 , 'fa fa-circle-o' , 105 , 'normal' , 1530957752 , 1530957752) [ RunTime:0.003000s ]
[ sql ] [ SQL ] INSERT INTO `fa_auth_rule` (`name` , `title` , `ismenu` , `icon` , `pid` , `status` , `createtime` , `updatetime`) VALUES ('cms/fields/del' , '删除' , 0 , 'fa fa-circle-o' , 105 , 'normal' , 1530957752 , 1530957752) [ RunTime:0.002000s ]
[ sql ] [ SQL ] INSERT INTO `fa_auth_rule` (`name` , `title` , `ismenu` , `icon` , `pid` , `status` , `createtime` , `updatetime`) VALUES ('cms/fields/multi' , '批量更新' , 0 , 'fa fa-circle-o' , 105 , 'normal' , 1530957752 , 1530957752) [ RunTime:0.002000s ]
[ sql ] [ SQL ] INSERT INTO `fa_auth_rule` (`name` , `title` , `icon` , `ismenu` , `pid` , `status` , `createtime` , `updatetime`) VALUES ('cms/tags' , '标签管理' , 'fa fa-tags' , 1 , 85 , 'normal' , 1530957752 , 1530957752) [ RunTime:0.003000s ]
[ sql ] [ SQL ] INSERT INTO `fa_auth_rule` (`name` , `title` , `ismenu` , `icon` , `pid` , `status` , `createtime` , `updatetime`) VALUES ('cms/tags/index' , '查看' , 0 , 'fa fa-circle-o' , 111 , 'normal' , 1530957752 , 1530957752) [ RunTime:0.004001s ]
[ sql ] [ SQL ] INSERT INTO `fa_auth_rule` (`name` , `title` , `ismenu` , `icon` , `pid` , `status` , `createtime` , `updatetime`) VALUES ('cms/tags/add' , '添加' , 0 , 'fa fa-circle-o' , 111 , 'normal' , 1530957752 , 1530957752) [ RunTime:0.003000s ]
[ sql ] [ SQL ] INSERT INTO `fa_auth_rule` (`name` , `title` , `ismenu` , `icon` , `pid` , `status` , `createtime` , `updatetime`) VALUES ('cms/tags/edit' , '修改' , 0 , 'fa fa-circle-o' , 111 , 'normal' , 1530957752 , 1530957752) [ RunTime:0.002000s ]
[ sql ] [ SQL ] INSERT INTO `fa_auth_rule` (`name` , `title` , `ismenu` , `icon` , `pid` , `status` , `createtime` , `updatetime`) VALUES ('cms/tags/del' , '删除' , 0 , 'fa fa-circle-o' , 111 , 'normal' , 1530957752 , 1530957752) [ RunTime:0.003000s ]
[ sql ] [ SQL ] INSERT INTO `fa_auth_rule` (`name` , `title` , `ismenu` , `icon` , `pid` , `status` , `createtime` , `updatetime`) VALUES ('cms/tags/multi' , '批量更新' , 0 , 'fa fa-circle-o' , 111 , 'normal' , 1530957752 , 1530957752) [ RunTime:0.003000s ]
[ sql ] [ SQL ] INSERT INTO `fa_auth_rule` (`name` , `title` , `icon` , `ismenu` , `pid` , `status` , `createtime` , `updatetime`) VALUES ('cms/block' , '区块管理' , 'fa fa-th-large' , 1 , 85 , 'normal' , 1530957752 , 1530957752) [ RunTime:0.003001s ]
[ sql ] [ SQL ] INSERT INTO `fa_auth_rule` (`name` , `title` , `ismenu` , `icon` , `pid` , `status` , `createtime` , `updatetime`) VALUES ('cms/block/index' , '查看' , 0 , 'fa fa-circle-o' , 117 , 'normal' , 1530957752 , 1530957752) [ RunTime:0.003000s ]
[ sql ] [ SQL ] INSERT INTO `fa_auth_rule` (`name` , `title` , `ismenu` , `icon` , `pid` , `status` , `createtime` , `updatetime`) VALUES ('cms/block/add' , '添加' , 0 , 'fa fa-circle-o' , 117 , 'normal' , 1530957752 , 1530957752) [ RunTime:0.003000s ]
[ sql ] [ SQL ] INSERT INTO `fa_auth_rule` (`name` , `title` , `ismenu` , `icon` , `pid` , `status` , `createtime` , `updatetime`) VALUES ('cms/block/edit' , '修改' , 0 , 'fa fa-circle-o' , 117 , 'normal' , 1530957752 , 1530957752) [ RunTime:0.002000s ]
[ sql ] [ SQL ] INSERT INTO `fa_auth_rule` (`name` , `title` , `ismenu` , `icon` , `pid` , `status` , `createtime` , `updatetime`) VALUES ('cms/block/del' , '删除' , 0 , 'fa fa-circle-o' , 117 , 'normal' , 1530957752 , 1530957752) [ RunTime:0.002000s ]
[ sql ] [ SQL ] INSERT INTO `fa_auth_rule` (`name` , `title` , `ismenu` , `icon` , `pid` , `status` , `createtime` , `updatetime`) VALUES ('cms/block/multi' , '批量更新' , 0 , 'fa fa-circle-o' , 117 , 'normal' , 1530957752 , 1530957752) [ RunTime:0.003000s ]
[ sql ] [ SQL ] INSERT INTO `fa_auth_rule` (`name` , `title` , `icon` , `ismenu` , `pid` , `status` , `createtime` , `updatetime`) VALUES ('cms/page' , '单页管理' , 'fa fa-file' , 1 , 85 , 'normal' , 1530957752 , 1530957752) [ RunTime:0.003000s ]
[ sql ] [ SQL ] INSERT INTO `fa_auth_rule` (`name` , `title` , `ismenu` , `icon` , `pid` , `status` , `createtime` , `updatetime`) VALUES ('cms/page/index' , '查看' , 0 , 'fa fa-circle-o' , 123 , 'normal' , 1530957752 , 1530957752) [ RunTime:0.003000s ]
[ sql ] [ SQL ] INSERT INTO `fa_auth_rule` (`name` , `title` , `ismenu` , `icon` , `pid` , `status` , `createtime` , `updatetime`) VALUES ('cms/page/add' , '添加' , 0 , 'fa fa-circle-o' , 123 , 'normal' , 1530957752 , 1530957752) [ RunTime:0.003000s ]
[ sql ] [ SQL ] INSERT INTO `fa_auth_rule` (`name` , `title` , `ismenu` , `icon` , `pid` , `status` , `createtime` , `updatetime`) VALUES ('cms/page/edit' , '修改' , 0 , 'fa fa-circle-o' , 123 , 'normal' , 1530957752 , 1530957752) [ RunTime:0.003000s ]
[ sql ] [ SQL ] INSERT INTO `fa_auth_rule` (`name` , `title` , `ismenu` , `icon` , `pid` , `status` , `createtime` , `updatetime`) VALUES ('cms/page/del' , '删除' , 0 , 'fa fa-circle-o' , 123 , 'normal' , 1530957752 , 1530957752) [ RunTime:0.003000s ]
[ sql ] [ SQL ] INSERT INTO `fa_auth_rule` (`name` , `title` , `ismenu` , `icon` , `pid` , `status` , `createtime` , `updatetime`) VALUES ('cms/page/multi' , '批量更新' , 0 , 'fa fa-circle-o' , 123 , 'normal' , 1530957752 , 1530957752) [ RunTime:0.002000s ]
[ sql ] [ SQL ] INSERT INTO `fa_auth_rule` (`name` , `title` , `icon` , `ismenu` , `pid` , `status` , `createtime` , `updatetime`) VALUES ('cms/comment' , '评论管理' , 'fa fa-comment' , 1 , 85 , 'normal' , 1530957752 , 1530957752) [ RunTime:0.003000s ]
[ sql ] [ SQL ] INSERT INTO `fa_auth_rule` (`name` , `title` , `ismenu` , `icon` , `pid` , `status` , `createtime` , `updatetime`) VALUES ('cms/comment/index' , '查看' , 0 , 'fa fa-circle-o' , 129 , 'normal' , 1530957752 , 1530957752) [ RunTime:0.003000s ]
[ sql ] [ SQL ] INSERT INTO `fa_auth_rule` (`name` , `title` , `ismenu` , `icon` , `pid` , `status` , `createtime` , `updatetime`) VALUES ('cms/comment/add' , '添加' , 0 , 'fa fa-circle-o' , 129 , 'normal' , 1530957752 , 1530957752) [ RunTime:0.003000s ]
[ sql ] [ SQL ] INSERT INTO `fa_auth_rule` (`name` , `title` , `ismenu` , `icon` , `pid` , `status` , `createtime` , `updatetime`) VALUES ('cms/comment/edit' , '修改' , 0 , 'fa fa-circle-o' , 129 , 'normal' , 1530957752 , 1530957752) [ RunTime:0.003000s ]
[ sql ] [ SQL ] INSERT INTO `fa_auth_rule` (`name` , `title` , `ismenu` , `icon` , `pid` , `status` , `createtime` , `updatetime`) VALUES ('cms/comment/del' , '删除' , 0 , 'fa fa-circle-o' , 129 , 'normal' , 1530957752 , 1530957752) [ RunTime:0.002001s ]
[ sql ] [ SQL ] INSERT INTO `fa_auth_rule` (`name` , `title` , `ismenu` , `icon` , `pid` , `status` , `createtime` , `updatetime`) VALUES ('cms/comment/multi' , '批量更新' , 0 , 'fa fa-circle-o' , 129 , 'normal' , 1530957752 , 1530957752) [ RunTime:0.002000s ]
[ sql ] [ SQL ] SHOW COLUMNS FROM `fa_admin_log` [ RunTime:0.024001s ]
[ sql ] [ SQL ] INSERT INTO `fa_admin_log` (`title` , `content` , `url` , `admin_id` , `username` , `useragent` , `ip` , `createtime`) VALUES ('插件管理 安装' , '{\"name\":\"cms\",\"force\":\"0\",\"uid\":\"3686\",\"token\":\"df288401-b6b5-4606-993e-ec577031ec54\",\"version\":\"1.0.14\",\"faversion\":\"1.0.0.20180618_beta\"}' , '/fastadmin/public/admin/addon/install' , 2 , 'admin2' , 'Mozilla/5.0 (Windows NT 6.1) AppleWebKit/537.36 (KHTML, like Gecko) Chrome/66.0.3359.139 Safari/537.36' , '0.0.0.0' , 1530957752) [ RunTime:0.001000s ]
---------------------------------------------------------------
[ 2018-07-07T18:02:33+08:00 ] 0.0.0.0 POST /fastadmin/public/admin/index/index
[ sql ] [ DB ] CONNECT:[ UseTime:0.004000s ] mysql:host=127.0.0.1;dbname=fastadmin;charset=utf8
[ sql ] [ SQL ] SHOW COLUMNS FROM `fa_auth_group_access` [ RunTime:0.056003s ]
[ sql ] [ SQL ] SELECT `aga`.`uid`,`aga`.`group_id`,`ag`.`id`,`ag`.`pid`,`ag`.`name`,`ag`.`rules` FROM `fa_auth_group_access` `aga` LEFT JOIN `fa_auth_group` `ag` ON `aga`.`group_id`=`ag`.`id` WHERE  (  aga.uid='2' and ag.status='normal' ) [ RunTime:0.001000s ]
[ sql ] [ SQL ] SHOW COLUMNS FROM `fa_auth_rule` [ RunTime:0.047003s ]
[ sql ] [ SQL ] SELECT `id`,`pid`,`condition`,`icon`,`name`,`title`,`ismenu` FROM `fa_auth_rule` WHERE  `status` = 'normal'  AND `id` IN (13,14,16,15,17,18,19,20,21,22,23,24,25,26,27,28,29,30,31,32,33,34,40,41,42,43,44,45,46,47,48,49,50,55,56,57,58,59,60,61,62,63,64,65,1,9,10,11,7,6,8,2,4,5) [ RunTime:0.001000s ]
[ sql ] [ SQL ] SELECT * FROM `fa_auth_rule` WHERE  `status` = 'normal'  AND `ismenu` = 1 ORDER BY `weigh` DESC [ RunTime:0.001000s ]
[ sql ] [ SQL ] SHOW COLUMNS FROM `fa_admin_log` [ RunTime:0.025001s ]
[ sql ] [ SQL ] INSERT INTO `fa_admin_log` (`title` , `content` , `url` , `admin_id` , `username` , `useragent` , `ip` , `createtime`) VALUES ('' , '{\"action\":\"refreshmenu\"}' , '/fastadmin/public/admin/index/index' , 2 , 'admin2' , 'Mozilla/5.0 (Windows NT 6.1) AppleWebKit/537.36 (KHTML, like Gecko) Chrome/66.0.3359.139 Safari/537.36' , '0.0.0.0' , 1530957753) [ RunTime:0.003001s ]
---------------------------------------------------------------
[ 2018-07-07T18:02:47+08:00 ] 0.0.0.0 GET /fastadmin/public/admin/addon?ref=addtabs
[ sql ] [ DB ] CONNECT:[ UseTime:0.005001s ] mysql:host=127.0.0.1;dbname=fastadmin;charset=utf8
[ sql ] [ SQL ] SHOW COLUMNS FROM `fa_auth_group_access` [ RunTime:0.029001s ]
[ sql ] [ SQL ] SELECT `aga`.`uid`,`aga`.`group_id`,`ag`.`id`,`ag`.`pid`,`ag`.`name`,`ag`.`rules` FROM `fa_auth_group_access` `aga` LEFT JOIN `fa_auth_group` `ag` ON `aga`.`group_id`=`ag`.`id` WHERE  (  aga.uid='2' and ag.status='normal' ) [ RunTime:0.002001s ]
[ sql ] [ SQL ] SHOW COLUMNS FROM `fa_auth_rule` [ RunTime:0.045002s ]
[ sql ] [ SQL ] SELECT `id`,`pid`,`condition`,`icon`,`name`,`title`,`ismenu` FROM `fa_auth_rule` WHERE  `status` = 'normal'  AND `id` IN (13,14,16,15,17,18,19,20,21,22,23,24,25,26,27,28,29,30,31,32,33,34,40,41,42,43,44,45,46,47,48,49,50,55,56,57,58,59,60,61,62,63,64,65,1,9,10,11,7,6,8,2,4,5) [ RunTime:0.002000s ]
---------------------------------------------------------------
[ 2018-07-07T18:02:48+08:00 ] 0.0.0.0 GET /fastadmin/public/admin/index/index
[ sql ] [ DB ] CONNECT:[ UseTime:0.002000s ] mysql:host=127.0.0.1;dbname=fastadmin;charset=utf8
[ sql ] [ SQL ] SHOW COLUMNS FROM `fa_auth_group_access` [ RunTime:0.030002s ]
[ sql ] [ SQL ] SELECT `aga`.`uid`,`aga`.`group_id`,`ag`.`id`,`ag`.`pid`,`ag`.`name`,`ag`.`rules` FROM `fa_auth_group_access` `aga` LEFT JOIN `fa_auth_group` `ag` ON `aga`.`group_id`=`ag`.`id` WHERE  (  aga.uid='2' and ag.status='normal' ) [ RunTime:0.001000s ]
[ sql ] [ SQL ] SHOW COLUMNS FROM `fa_auth_rule` [ RunTime:0.026002s ]
[ sql ] [ SQL ] SELECT `id`,`pid`,`condition`,`icon`,`name`,`title`,`ismenu` FROM `fa_auth_rule` WHERE  `status` = 'normal'  AND `id` IN (13,14,16,15,17,18,19,20,21,22,23,24,25,26,27,28,29,30,31,32,33,34,40,41,42,43,44,45,46,47,48,49,50,55,56,57,58,59,60,61,62,63,64,65,1,9,10,11,7,6,8,2,4,5) [ RunTime:0.001000s ]
[ sql ] [ SQL ] SELECT * FROM `fa_auth_rule` WHERE  `status` = 'normal'  AND `ismenu` = 1 ORDER BY `weigh` DESC [ RunTime:0.001000s ]
---------------------------------------------------------------
[ 2018-07-07T18:02:48+08:00 ] 0.0.0.0 GET /fastadmin/public/admin/dashboard?addtabs=1
[ sql ] [ DB ] CONNECT:[ UseTime:0.001000s ] mysql:host=127.0.0.1;dbname=fastadmin;charset=utf8
[ sql ] [ SQL ] SHOW COLUMNS FROM `fa_auth_group_access` [ RunTime:0.027002s ]
[ sql ] [ SQL ] SELECT `aga`.`uid`,`aga`.`group_id`,`ag`.`id`,`ag`.`pid`,`ag`.`name`,`ag`.`rules` FROM `fa_auth_group_access` `aga` LEFT JOIN `fa_auth_group` `ag` ON `aga`.`group_id`=`ag`.`id` WHERE  (  aga.uid='2' and ag.status='normal' ) [ RunTime:0.000000s ]
[ sql ] [ SQL ] SHOW COLUMNS FROM `fa_auth_rule` [ RunTime:0.025001s ]
[ sql ] [ SQL ] SELECT `id`,`pid`,`condition`,`icon`,`name`,`title`,`ismenu` FROM `fa_auth_rule` WHERE  `status` = 'normal'  AND `id` IN (13,14,16,15,17,18,19,20,21,22,23,24,25,26,27,28,29,30,31,32,33,34,40,41,42,43,44,45,46,47,48,49,50,55,56,57,58,59,60,61,62,63,64,65,1,9,10,11,7,6,8,2,4,5) [ RunTime:0.002001s ]
[ sql ] [ SQL ] SELECT `title`,`remark` FROM `fa_auth_rule` WHERE  `name` = 'dashboard' LIMIT 1 [ RunTime:0.003000s ]
---------------------------------------------------------------
[ 2018-07-07T18:02:49+08:00 ] 0.0.0.0 GET /fastadmin/public/admin/addon?addtabs=1
[ sql ] [ DB ] CONNECT:[ UseTime:0.004001s ] mysql:host=127.0.0.1;dbname=fastadmin;charset=utf8
[ sql ] [ SQL ] SHOW COLUMNS FROM `fa_auth_group_access` [ RunTime:0.011000s ]
[ sql ] [ SQL ] SELECT `aga`.`uid`,`aga`.`group_id`,`ag`.`id`,`ag`.`pid`,`ag`.`name`,`ag`.`rules` FROM `fa_auth_group_access` `aga` LEFT JOIN `fa_auth_group` `ag` ON `aga`.`group_id`=`ag`.`id` WHERE  (  aga.uid='2' and ag.status='normal' ) [ RunTime:0.001000s ]
[ sql ] [ SQL ] SHOW COLUMNS FROM `fa_auth_rule` [ RunTime:0.015001s ]
[ sql ] [ SQL ] SELECT `id`,`pid`,`condition`,`icon`,`name`,`title`,`ismenu` FROM `fa_auth_rule` WHERE  `status` = 'normal'  AND `id` IN (13,14,16,15,17,18,19,20,21,22,23,24,25,26,27,28,29,30,31,32,33,34,40,41,42,43,44,45,46,47,48,49,50,55,56,57,58,59,60,61,62,63,64,65,1,9,10,11,7,6,8,2,4,5) [ RunTime:0.002000s ]
[ sql ] [ SQL ] SELECT `title`,`remark` FROM `fa_auth_rule` WHERE  `name` = 'addon' LIMIT 1 [ RunTime:0.001000s ]
---------------------------------------------------------------
[ 2018-07-07T18:02:53+08:00 ] 0.0.0.0 GET /fastadmin/public/admin/addon/config?name=cms&dialog=1
[ sql ] [ DB ] CONNECT:[ UseTime:0.003000s ] mysql:host=127.0.0.1;dbname=fastadmin;charset=utf8
[ sql ] [ SQL ] SHOW COLUMNS FROM `fa_auth_group_access` [ RunTime:0.024001s ]
[ sql ] [ SQL ] SELECT `aga`.`uid`,`aga`.`group_id`,`ag`.`id`,`ag`.`pid`,`ag`.`name`,`ag`.`rules` FROM `fa_auth_group_access` `aga` LEFT JOIN `fa_auth_group` `ag` ON `aga`.`group_id`=`ag`.`id` WHERE  (  aga.uid='2' and ag.status='normal' ) [ RunTime:0.002001s ]
[ sql ] [ SQL ] SHOW COLUMNS FROM `fa_auth_rule` [ RunTime:0.049002s ]
[ sql ] [ SQL ] SELECT `id`,`pid`,`condition`,`icon`,`name`,`title`,`ismenu` FROM `fa_auth_rule` WHERE  `status` = 'normal'  AND `id` IN (13,14,16,15,17,18,19,20,21,22,23,24,25,26,27,28,29,30,31,32,33,34,40,41,42,43,44,45,46,47,48,49,50,55,56,57,58,59,60,61,62,63,64,65,1,9,10,11,7,6,8,2,4,5) [ RunTime:0.003001s ]
---------------------------------------------------------------
[ 2018-07-07T18:03:16+08:00 ] 0.0.0.0 GET /fastadmin/public/cms
[ sql ] [ DB ] CONNECT:[ UseTime:0.001000s ] mysql:host=127.0.0.1;dbname=fastadmin;charset=utf8
[ sql ] [ SQL ] SHOW COLUMNS FROM `fa_cms_block` [ RunTime:0.022002s ]
[ sql ] [ SQL ] SELECT * FROM `fa_cms_block` WHERE  `name` = 'bannerad' LIMIT 1 [ RunTime:0.001000s ]
[ sql ] [ SQL ] SELECT * FROM `fa_cms_block` WHERE  `name` = 'sidebarad1' LIMIT 1 [ RunTime:0.001000s ]
[ sql ] [ SQL ] SELECT * FROM `fa_cms_block` WHERE  `name` = 'footer' LIMIT 1 [ RunTime:0.001000s ]
[ sql ] [ SQL ] SHOW COLUMNS FROM `fa_cms_channel` [ RunTime:0.027002s ]
[ sql ] [ SQL ] SELECT * FROM `fa_cms_channel` WHERE  `status` = 'normal'  AND `parent_id` = 0 ORDER BY `weigh` DESC LIMIT 10 [ RunTime:0.001000s ]
[ sql ] [ SQL ] SELECT `parent_id` FROM `fa_cms_channel` WHERE  `parent_id` > 0 [ RunTime:0.000000s ]
[ sql ] [ SQL ] SELECT * FROM `fa_cms_channel` WHERE  `status` = 'normal'  AND ( `id`  IN ( SELECT `id` FROM `fa_cms_channel` WHERE  `parent_id` IN (2) ) ) ORDER BY `weigh` DESC LIMIT 10 [ RunTime:0.001000s ]
[ sql ] [ SQL ] SELECT * FROM `fa_cms_channel` WHERE  `status` = 'normal'  AND ( `id`  IN ( SELECT `id` FROM `fa_cms_channel` WHERE  `parent_id` IN (1) ) ) ORDER BY `weigh` DESC LIMIT 10 [ RunTime:0.001000s ]
[ sql ] [ SQL ] SELECT * FROM `fa_cms_channel` WHERE  `status` = 'normal'  AND ( `id`  IN ( SELECT `id` FROM `fa_cms_channel` WHERE  `parent_id` IN (41) ) ) ORDER BY `weigh` DESC LIMIT 10 [ RunTime:0.001000s ]
[ sql ] [ SQL ] SELECT * FROM `fa_cms_channel` WHERE  `status` = 'normal'  AND ( `id`  IN ( SELECT `id` FROM `fa_cms_channel` WHERE  `parent_id` IN (42) ) ) ORDER BY `weigh` DESC LIMIT 10 [ RunTime:0.001000s ]
[ sql ] [ SQL ] SELECT * FROM `fa_cms_channel` WHERE  `status` = 'normal'  AND ( `id`  IN ( SELECT `id` FROM `fa_cms_channel` WHERE  `parent_id` IN (43) ) ) ORDER BY `weigh` DESC LIMIT 10 [ RunTime:0.001000s ]
[ sql ] [ SQL ] SELECT * FROM `fa_cms_channel` WHERE  `status` = 'normal'  AND ( `id`  IN ( SELECT `id` FROM `fa_cms_channel` WHERE  `parent_id` IN (40) ) ) ORDER BY `weigh` DESC LIMIT 10 [ RunTime:0.001000s ]
[ sql ] [ SQL ] SELECT * FROM `fa_cms_channel` WHERE  `status` = 'normal' ORDER BY `weigh` DESC,`id` DESC [ RunTime:0.001000s ]
[ sql ] [ SQL ] SELECT * FROM `fa_cms_block` WHERE  `name` = 'focus' ORDER BY `id` DESC LIMIT 5 [ RunTime:0.001000s ]
[ sql ] [ SQL ] SHOW COLUMNS FROM `fa_cms_archives` [ RunTime:0.025001s ]
[ sql ] [ SQL ] SELECT * FROM `fa_cms_archives` WHERE  `status` = 'normal'  AND ( `deletetime` IS NULL ) ORDER BY `id` DESC LIMIT 8 [ RunTime:0.001000s ]
[ sql ] [ SQL ] SELECT `id`,`name`,`image`,`diyname`,`items` FROM `fa_cms_channel` WHERE  `id` IN (7,3,9,4) [ RunTime:0.001000s ]
[ sql ] [ SQL ] SELECT * FROM `fa_cms_archives` WHERE  `status` = 'normal'  AND ( `deletetime` IS NULL )  AND `model_id` IN (1) ORDER BY `createtime` DESC LIMIT 10 [ RunTime:0.001000s ]
[ sql ] [ SQL ] SELECT `id`,`name`,`image`,`diyname`,`items` FROM `fa_cms_channel` WHERE  `id` IN (7,3,4) [ RunTime:0.000000s ]
[ sql ] [ SQL ] SHOW COLUMNS FROM `fa_cms_model` [ RunTime:0.025001s ]
[ sql ] [ SQL ] SELECT * FROM `fa_cms_model` WHERE  `id` = 1 LIMIT 1 [ RunTime:0.001000s ]
[ sql ] [ SQL ] SHOW COLUMNS FROM `fa_cms_addonnews` [ RunTime:0.025002s ]
[ sql ] [ SQL ] SELECT `id`,`author`,`area`,`device` FROM `fa_cms_addonnews` WHERE  `id` IN (35,34,33,30,27,26,25,24,22,21) [ RunTime:0.001000s ]
[ sql ] [ SQL ] SHOW COLUMNS FROM `fa_cms_fields` [ RunTime:0.025001s ]
[ sql ] [ SQL ] SELECT `id`,`name`,`type`,`content` FROM `fa_cms_fields` WHERE  `model_id` = 1  AND `status` = 'normal' [ RunTime:0.001000s ]
[ sql ] [ SQL ] SELECT * FROM `fa_cms_archives` WHERE  `status` = 'normal'  AND ( `deletetime` IS NULL ) ORDER BY `id` ASC LIMIT 10 [ RunTime:0.001000s ]
[ sql ] [ SQL ] SELECT `id`,`name`,`image`,`diyname`,`items` FROM `fa_cms_channel` WHERE  `id` IN (7,5) [ RunTime:0.001000s ]
[ sql ] [ SQL ] SHOW COLUMNS FROM `fa_cms_tags` [ RunTime:0.026001s ]
[ sql ] [ SQL ] SELECT * FROM `fa_cms_tags` ORDER BY rand() LIMIT 30 [ RunTime:0.015001s ]
[ sql ] [ SQL ] SELECT * FROM `fa_cms_archives` WHERE  `status` = 'normal'  AND ( `deletetime` IS NULL )  AND (  (FIND_IN_SET('recommend|new', flag) OR FIND_IN_SET('recommend', flag) OR FIND_IN_SET('new', flag)) ) ORDER BY `id` ASC LIMIT 10 [ RunTime:0.001000s ]
[ sql ] [ SQL ] SELECT `id`,`name`,`image`,`diyname`,`items` FROM `fa_cms_channel` WHERE  `id` IN (4,9) [ RunTime:0.000000s ]
---------------------------------------------------------------
[ 2018-07-07T18:04:27+08:00 ] 0.0.0.0 GET /fastadmin/public/index/user/index.html
[ sql ] [ DB ] CONNECT:[ UseTime:0.001000s ] mysql:host=127.0.0.1;dbname=fastadmin;charset=utf8
[ sql ] [ SQL ] SHOW COLUMNS FROM `fa_user_token` [ RunTime:0.025002s ]
[ sql ] [ SQL ] SELECT * FROM `fa_user_token` WHERE  `token` = 'd8aa945b8448d8a41ab99c04b04f9e522294b47c' LIMIT 1 [ RunTime:0.001000s ]
---------------------------------------------------------------
[ 2018-07-07T18:04:34+08:00 ] 0.0.0.0 GET /fastadmin/public/cms
[ sql ] [ DB ] CONNECT:[ UseTime:0.001000s ] mysql:host=127.0.0.1;dbname=fastadmin;charset=utf8
[ sql ] [ SQL ] SHOW COLUMNS FROM `fa_cms_channel` [ RunTime:0.023001s ]
[ sql ] [ SQL ] SELECT `id`,`name`,`image`,`diyname`,`items` FROM `fa_cms_channel` WHERE  `id` IN (7,3,9,4) [ RunTime:0.001000s ]
[ sql ] [ SQL ] SELECT `id`,`name`,`image`,`diyname`,`items` FROM `fa_cms_channel` WHERE  `id` IN (7,3,4) [ RunTime:0.000000s ]
[ sql ] [ SQL ] SHOW COLUMNS FROM `fa_cms_model` [ RunTime:0.025001s ]
[ sql ] [ SQL ] SHOW COLUMNS FROM `fa_cms_addonnews` [ RunTime:0.025002s ]
[ sql ] [ SQL ] SELECT `id`,`name`,`image`,`diyname`,`items` FROM `fa_cms_channel` WHERE  `id` IN (7,5) [ RunTime:0.000000s ]
[ sql ] [ SQL ] SELECT `id`,`name`,`image`,`diyname`,`items` FROM `fa_cms_channel` WHERE  `id` IN (4,9) [ RunTime:0.001000s ]
